0 info it worked if it ends with ok
1 verbose cli [ 'C:\\Program Files\\nodejs\\node.exe',
1 verbose cli   'C:\\Program Files\\nodejs\\node_modules\\npm\\bin\\npm-cli.js',
1 verbose cli   'run',
1 verbose cli   'node-server' ]
2 info using npm@3.10.10
3 info using node@v6.11.4
4 verbose run-script [ 'prenode-server', 'node-server', 'postnode-server' ]
5 info lifecycle test_react@0.1.0~prenode-server: test_react@0.1.0
6 silly lifecycle test_react@0.1.0~prenode-server: no script for prenode-server, continuing
7 info lifecycle test_react@0.1.0~node-server: test_react@0.1.0
8 verbose lifecycle test_react@0.1.0~node-server: unsafe-perm in lifecycle true
9 verbose lifecycle test_react@0.1.0~node-server: PATH: C:\Program Files\nodejs\node_modules\npm\bin\node-gyp-bin;C:\Users\maart\projects\test_folder_react\node_modules\.bin;C:\WINDOWS\system32;C:\WINDOWS;C:\WINDOWS\System32\Wbem;C:\WINDOWS\System32\WindowsPowerShell\v1.0\;C:\Program Files (x86)\Git\cmd;C:\Users\maart\AppData\Roaming\nvm;C:\Program Files\nodejs;C:\Program Files\nodejs\;C:\Program Files (x86)\MySQL\MySQL Utilities 1.6\;C:\Users\maart\AppData\Local\Microsoft\WindowsApps;C:\Users\maart\AppData\Local\atom\bin;C:\Users\maart\AppData\Roaming\Dashlane\4.8.3.33797\bin\Firefox_Extension\{442718d9-475e-452a-b3e1-fb1ee16b8e9f}\components;C:\Users\maart\AppData\Roaming\Dashlane\4.8.3.33797\ucrt;C:\Users\maart\AppData\Roaming\nvm;C:\Program Files\nodejs;C:\Users\maart\AppData\Roaming\npm;C:\Users\maart\AppData\Local\Microsoft\WindowsApps;
10 verbose lifecycle test_react@0.1.0~node-server: CWD: C:\Users\maart\projects\test_folder_react
11 silly lifecycle test_react@0.1.0~node-server: Args: [ '/d /s /c', 'node server.js' ]
12 silly lifecycle test_react@0.1.0~node-server: Returned: code: 1  signal: null
13 info lifecycle test_react@0.1.0~node-server: Failed to exec node-server script
14 verbose stack Error: test_react@0.1.0 node-server: `node server.js`
14 verbose stack Exit status 1
14 verbose stack     at EventEmitter.<anonymous> (C:\Program Files\nodejs\node_modules\npm\lib\utils\lifecycle.js:255:16)
14 verbose stack     at emitTwo (events.js:106:13)
14 verbose stack     at EventEmitter.emit (events.js:191:7)
14 verbose stack     at ChildProcess.<anonymous> (C:\Program Files\nodejs\node_modules\npm\lib\utils\spawn.js:40:14)
14 verbose stack     at emitTwo (events.js:106:13)
14 verbose stack     at ChildProcess.emit (events.js:191:7)
14 verbose stack     at maybeClose (internal/child_process.js:920:16)
14 verbose stack     at Process.ChildProcess._handle.onexit (internal/child_process.js:230:5)
15 verbose pkgid test_react@0.1.0
16 verbose cwd C:\Users\maart\projects\test_folder_react
17 error Windows_NT 10.0.16299
18 error argv "C:\\Program Files\\nodejs\\node.exe" "C:\\Program Files\\nodejs\\node_modules\\npm\\bin\\npm-cli.js" "run" "node-server"
19 error node v6.11.4
20 error npm  v3.10.10
21 error code ELIFECYCLE
22 error test_react@0.1.0 node-server: `node server.js`
22 error Exit status 1
23 error Failed at the test_react@0.1.0 node-server script 'node server.js'.
23 error Make sure you have the latest version of node.js and npm installed.
23 error If you do, this is most likely a problem with the test_react package,
23 error not with npm itself.
23 error Tell the author that this fails on your system:
23 error     node server.js
23 error You can get information on how to open an issue for this project with:
23 error     npm bugs test_react
23 error Or if that isn't available, you can get their info via:
23 error     npm owner ls test_react
23 error There is likely additional logging output above.
24 verbose exit [ 1, true ]
